# JRE version: Java(TM) SE Runtime Environment 18.9 (11.0.16.1+1) (build 11.0.16.1+1-LTS-1)
# Java VM: Java HotSpot(TM) 64-Bit Server VM 18.9 (11.0.16.1+1-LTS-1, mixed mode, tiered, compressed oops, g1 gc, windows-amd64)
Heap:
 garbage-first heap   total 524288K, used 30999K [0x0000000080000000, 0x0000000100000000)
  region size 1024K, 22 young (22528K), 2 survivors (2048K)
 Metaspace       used 20024K, capacity 20488K, committed 20608K, reserved 1067008K
  class space    used 2233K, capacity 2427K, committed 2432K, reserved 1048576K
GC Heap History (6 events):
Event: 0.844 GC heap before
{Heap before GC invocations=0 (full 0):
 garbage-first heap   total 524288K, used 26624K [0x0000000080000000, 0x0000000100000000)
  region size 1024K, 25 young (25600K), 0 survivors (0K)
 Metaspace       used 10071K, capacity 10191K, committed 10240K, reserved 1058816K
  class space    used 948K, capacity 1011K, committed 1024K, reserved 1048576K
}
Event: 0.853 GC heap after
{Heap after GC invocations=1 (full 0):
 garbage-first heap   total 524288K, used 10492K [0x0000000080000000, 0x0000000100000000)
  region size 1024K, 4 young (4096K), 4 survivors (4096K)
 Metaspace       used 10071K, capacity 10191K, committed 10240K, reserved 1058816K
  class space    used 948K, capacity 1011K, committed 1024K, reserved 1048576K
}
Event: 1.183 GC heap before
{Heap before GC invocations=1 (full 0):
 garbage-first heap   total 524288K, used 33020K [0x0000000080000000, 0x0000000100000000)
  region size 1024K, 25 young (25600K), 4 survivors (4096K)
 Metaspace       used 12762K, capacity 13014K, committed 13184K, reserved 1060864K
  class space    used 1292K, capacity 1393K, committed 1408K, reserved 1048576K
}
Event: 1.187 GC heap after
{Heap after GC invocations=2 (full 0):
 garbage-first heap   total 524288K, used 11186K [0x0000000080000000, 0x0000000100000000)
  region size 1024K, 1 young (1024K), 1 survivors (1024K)
 Metaspace       used 12762K, capacity 13014K, committed 13184K, reserved 1060864K
  class space    used 1292K, capacity 1393K, committed 1408K, reserved 1048576K
}
Event: 3.108 GC heap before
{Heap before GC invocations=2 (full 0):
 garbage-first heap   total 524288K, used 40882K [0x0000000080000000, 0x0000000100000000)
  region size 1024K, 30 young (30720K), 1 survivors (1024K)
 Metaspace       used 17299K, capacity 17700K, committed 17920K, reserved 1064960K
  class space    used 1845K, capacity 2011K, committed 2048K, reserved 1048576K
}
Event: 3.111 GC heap after
{Heap after GC invocations=3 (full 0):
 garbage-first heap   total 524288K, used 12567K [0x0000000080000000, 0x0000000100000000)
  region size 1024K, 2 young (2048K), 2 survivors (2048K)
 Metaspace       used 17299K, capacity 17700K, committed 17920K, reserved 1064960K
  class space    used 1845K, capacity 2011K, committed 2048K, reserved 1048576K
}

