# JRE version: Java(TM) SE Runtime Environment 18.9 (11.0.16.1+1) (build 11.0.16.1+1-LTS-1)
# Java VM: Java HotSpot(TM) 64-Bit Server VM 18.9 (11.0.16.1+1-LTS-1, mixed mode, tiered, compressed oops, g1 gc, windows-amd64)
Heap:
 garbage-first heap   total 524288K, used 59217K [0x00000000c0000000, 0x0000000100000000)
  region size 1024K, 51 young (52224K), 17 survivors (17408K)
 Metaspace       used 49111K, capacity 50521K, committed 50816K, reserved 1093632K
  class space    used 6107K, capacity 6734K, committed 6784K, reserved 1048576K
GC Heap History (10 events):
Event: 3.071 GC heap before
{Heap before GC invocations=3 (full 0):
 garbage-first heap   total 524288K, used 22699K [0x00000000c0000000, 0x0000000100000000)
  region size 1024K, 16 young (16384K), 3 survivors (3072K)
 Metaspace       used 20691K, capacity 21155K, committed 21248K, reserved 1069056K
  class space    used 2331K, capacity 2521K, committed 2560K, reserved 1048576K
}
Event: 3.074 GC heap after
{Heap after GC invocations=4 (full 0):
 garbage-first heap   total 524288K, used 10847K [0x00000000c0000000, 0x0000000100000000)
  region size 1024K, 3 young (3072K), 3 survivors (3072K)
 Metaspace       used 20691K, capacity 21155K, committed 21248K, reserved 1069056K
  class space    used 2331K, capacity 2521K, committed 2560K, reserved 1048576K
}
Event: 3.612 GC heap before
{Heap before GC invocations=5 (full 0):
 garbage-first heap   total 524288K, used 65119K [0x00000000c0000000, 0x0000000100000000)
  region size 1024K, 57 young (58368K), 3 survivors (3072K)
 Metaspace       used 26511K, capacity 27078K, committed 27136K, reserved 1073152K
  class space    used 3066K, capacity 3321K, committed 3328K, reserved 1048576K
}
Event: 3.618 GC heap after
{Heap after GC invocations=6 (full 0):
 garbage-first heap   total 524288K, used 13039K [0x00000000c0000000, 0x0000000100000000)
  region size 1024K, 5 young (5120K), 5 survivors (5120K)
 Metaspace       used 26511K, capacity 27078K, committed 27136K, reserved 1073152K
  class space    used 3066K, capacity 3321K, committed 3328K, reserved 1048576K
}
Event: 4.811 GC heap before
{Heap before GC invocations=6 (full 0):
 garbage-first heap   total 524288K, used 111343K [0x00000000c0000000, 0x0000000100000000)
  region size 1024K, 102 young (104448K), 5 survivors (5120K)
 Metaspace       used 32126K, capacity 32888K, committed 33024K, reserved 1079296K
  class space    used 3764K, capacity 4074K, committed 4096K, reserved 1048576K
}
Event: 4.819 GC heap after
{Heap after GC invocations=7 (full 0):
 garbage-first heap   total 524288K, used 15363K [0x00000000c0000000, 0x0000000100000000)
  region size 1024K, 7 young (7168K), 7 survivors (7168K)
 Metaspace       used 32126K, capacity 32888K, committed 33024K, reserved 1079296K
  class space    used 3764K, capacity 4074K, committed 4096K, reserved 1048576K
}
Event: 5.425 GC heap before
{Heap before GC invocations=7 (full 0):
 garbage-first heap   total 524288K, used 56323K [0x00000000c0000000, 0x0000000100000000)
  region size 1024K, 48 young (49152K), 7 survivors (7168K)
 Metaspace       used 34971K, capacity 35770K, committed 35840K, reserved 1081344K
  class space    used 4169K, capacity 4539K, committed 4608K, reserved 1048576K
}
Event: 5.433 GC heap after
{Heap after GC invocations=8 (full 0):
 garbage-first heap   total 524288K, used 17370K [0x00000000c0000000, 0x0000000100000000)
  region size 1024K, 9 young (9216K), 9 survivors (9216K)
 Metaspace       used 34971K, capacity 35770K, committed 35840K, reserved 1081344K
  class space    used 4169K, capacity 4539K, committed 4608K, reserved 1048576K
}
Event: 8.762 GC heap before
{Heap before GC invocations=9 (full 0):
 garbage-first heap   total 524288K, used 163802K [0x00000000c0000000, 0x0000000100000000)
  region size 1024K, 139 young (142336K), 9 survivors (9216K)
 Metaspace       used 46563K, capacity 47873K, committed 48128K, reserved 1091584K
  class space    used 5750K, capacity 6300K, committed 6400K, reserved 1048576K
}
Event: 8.781 GC heap after
{Heap after GC invocations=10 (full 0):
 garbage-first heap   total 524288K, used 25425K [0x00000000c0000000, 0x0000000100000000)
  region size 1024K, 17 young (17408K), 17 survivors (17408K)
 Metaspace       used 46563K, capacity 47873K, committed 48128K, reserved 1091584K
  class space    used 5750K, capacity 6300K, committed 6400K, reserved 1048576K
}

