# JRE version: Java(TM) SE Runtime Environment 18.9 (11.0.16.1+1) (build 11.0.16.1+1-LTS-1)
# Java VM: Java HotSpot(TM) 64-Bit Server VM 18.9 (11.0.16.1+1-LTS-1, mixed mode, tiered, compressed oops, g1 gc, windows-amd64)
Heap:
 garbage-first heap   total 317440K, used 154826K [0x0000000700000000, 0x0000000800000000)
  region size 1024K, 144 young (147456K), 18 survivors (18432K)
 Metaspace       used 58327K, capacity 60096K, committed 60160K, reserved 1101824K
  class space    used 7431K, capacity 8142K, committed 8192K, reserved 1048576K
GC Heap History (10 events):
Event: 2.783 GC heap before
{Heap before GC invocations=3 (full 0):
 garbage-first heap   total 262144K, used 43386K [0x0000000700000000, 0x0000000800000000)
  region size 1024K, 36 young (36864K), 2 survivors (2048K)
 Metaspace       used 19740K, capacity 20224K, committed 20352K, reserved 1067008K
  class space    used 2192K, capacity 2405K, committed 2432K, reserved 1048576K
}
Event: 2.787 GC heap after
{Heap after GC invocations=4 (full 0):
 garbage-first heap   total 262144K, used 11019K [0x0000000700000000, 0x0000000800000000)
  region size 1024K, 3 young (3072K), 3 survivors (3072K)
 Metaspace       used 19740K, capacity 20224K, committed 20352K, reserved 1067008K
  class space    used 2192K, capacity 2405K, committed 2432K, reserved 1048576K
}
Event: 2.905 GC heap before
{Heap before GC invocations=4 (full 0):
 garbage-first heap   total 262144K, used 20235K [0x0000000700000000, 0x0000000800000000)
  region size 1024K, 13 young (13312K), 3 survivors (3072K)
 Metaspace       used 20692K, capacity 21155K, committed 21248K, reserved 1069056K
  class space    used 2324K, capacity 2520K, committed 2560K, reserved 1048576K
}
Event: 2.909 GC heap after
{Heap after GC invocations=5 (full 0):
 garbage-first heap   total 262144K, used 11406K [0x0000000700000000, 0x0000000800000000)
  region size 1024K, 3 young (3072K), 3 survivors (3072K)
 Metaspace       used 20692K, capacity 21155K, committed 21248K, reserved 1069056K
  class space    used 2324K, capacity 2520K, committed 2560K, reserved 1048576K
}
Event: 4.071 GC heap before
{Heap before GC invocations=6 (full 0):
 garbage-first heap   total 262144K, used 105614K [0x0000000700000000, 0x0000000800000000)
  region size 1024K, 95 young (97280K), 3 survivors (3072K)
 Metaspace       used 29784K, capacity 30509K, committed 30720K, reserved 1077248K
  class space    used 3478K, capacity 3765K, committed 3840K, reserved 1048576K
}
Event: 4.078 GC heap after
{Heap after GC invocations=7 (full 0):
 garbage-first heap   total 262144K, used 14668K [0x0000000700000000, 0x0000000800000000)
  region size 1024K, 7 young (7168K), 7 survivors (7168K)
 Metaspace       used 29784K, capacity 30509K, committed 30720K, reserved 1077248K
  class space    used 3478K, capacity 3765K, committed 3840K, reserved 1048576K
}
Event: 5.470 GC heap before
{Heap before GC invocations=7 (full 0):
 garbage-first heap   total 262144K, used 116044K [0x0000000700000000, 0x0000000800000000)
  region size 1024K, 107 young (109568K), 7 survivors (7168K)
 Metaspace       used 34992K, capacity 35771K, committed 35840K, reserved 1081344K
  class space    used 4169K, capacity 4539K, committed 4608K, reserved 1048576K
}
Event: 5.480 GC heap after
{Heap after GC invocations=8 (full 0):
 garbage-first heap   total 262144K, used 17356K [0x0000000700000000, 0x0000000800000000)
  region size 1024K, 9 young (9216K), 9 survivors (9216K)
 Metaspace       used 34992K, capacity 35771K, committed 35840K, reserved 1081344K
  class space    used 4169K, capacity 4539K, committed 4608K, reserved 1048576K
}
Event: 8.813 GC heap before
{Heap before GC invocations=9 (full 0):
 garbage-first heap   total 262144K, used 178124K [0x0000000700000000, 0x0000000800000000)
  region size 1024K, 153 young (156672K), 9 survivors (9216K)
 Metaspace       used 47191K, capacity 48521K, committed 48640K, reserved 1091584K
  class space    used 5821K, capacity 6386K, committed 6400K, reserved 1048576K
}
Event: 8.843 GC heap after
{Heap after GC invocations=10 (full 0):
 garbage-first heap   total 317440K, used 26826K [0x0000000700000000, 0x0000000800000000)
  region size 1024K, 18 young (18432K), 18 survivors (18432K)
 Metaspace       used 47191K, capacity 48521K, committed 48640K, reserved 1091584K
  class space    used 5821K, capacity 6386K, committed 6400K, reserved 1048576K
}

