# JRE version: Java(TM) SE Runtime Environment 18.9 (11.0.16.1+1) (build 11.0.16.1+1-LTS-1)
# Java VM: Java HotSpot(TM) 64-Bit Server VM 18.9 (11.0.16.1+1-LTS-1, mixed mode, tiered, compressed oops, g1 gc, windows-amd64)
Heap:
 garbage-first heap   total 524288K, used 159942K [0x0000000080000000, 0x0000000100000000)
  region size 1024K, 148 young (151552K), 22 survivors (22528K)
 Metaspace       used 74253K, capacity 76203K, committed 76368K, reserved 1116160K
  class space    used 9716K, capacity 10546K, committed 10580K, reserved 1048576K
GC Heap History (10 events):
Event: 2.932 GC heap before
{Heap before GC invocations=3 (full 0):
 garbage-first heap   total 524288K, used 41217K [0x0000000080000000, 0x0000000100000000)
  region size 1024K, 32 young (32768K), 2 survivors (2048K)
 Metaspace       used 20727K, capacity 21226K, committed 21248K, reserved 1069056K
  class space    used 2337K, capacity 2543K, committed 2560K, reserved 1048576K
}
Event: 2.936 GC heap after
{Heap after GC invocations=4 (full 0):
 garbage-first heap   total 524288K, used 12475K [0x0000000080000000, 0x0000000100000000)
  region size 1024K, 3 young (3072K), 3 survivors (3072K)
 Metaspace       used 20727K, capacity 21226K, committed 21248K, reserved 1069056K
  class space    used 2337K, capacity 2543K, committed 2560K, reserved 1048576K
}
Event: 3.397 GC heap before
{Heap before GC invocations=5 (full 0):
 garbage-first heap   total 524288K, used 59579K [0x0000000080000000, 0x0000000100000000)
  region size 1024K, 49 young (50176K), 3 survivors (3072K)
 Metaspace       used 24374K, capacity 25027K, committed 25212K, reserved 1071104K
  class space    used 2888K, capacity 3150K, committed 3200K, reserved 1048576K
}
Event: 3.402 GC heap after
{Heap after GC invocations=6 (full 0):
 garbage-first heap   total 524288K, used 13696K [0x0000000080000000, 0x0000000100000000)
  region size 1024K, 4 young (4096K), 4 survivors (4096K)
 Metaspace       used 24374K, capacity 25027K, committed 25212K, reserved 1071104K
  class space    used 2888K, capacity 3150K, committed 3200K, reserved 1048576K
}
Event: 6.509 GC heap before
{Heap before GC invocations=6 (full 0):
 garbage-first heap   total 524288K, used 85376K [0x0000000080000000, 0x0000000100000000)
  region size 1024K, 74 young (75776K), 4 survivors (4096K)
 Metaspace       used 32131K, capacity 32870K, committed 33148K, reserved 1079296K
  class space    used 3813K, capacity 4150K, committed 4224K, reserved 1048576K
}
Event: 6.516 GC heap after
{Heap after GC invocations=7 (full 0):
 garbage-first heap   total 524288K, used 16179K [0x0000000080000000, 0x0000000100000000)
  region size 1024K, 7 young (7168K), 7 survivors (7168K)
 Metaspace       used 32131K, capacity 32870K, committed 33148K, reserved 1079296K
  class space    used 3813K, capacity 4150K, committed 4224K, reserved 1048576K
}
Event: 7.319 GC heap before
{Heap before GC invocations=7 (full 0):
 garbage-first heap   total 524288K, used 104243K [0x0000000080000000, 0x0000000100000000)
  region size 1024K, 94 young (96256K), 7 survivors (7168K)
 Metaspace       used 35019K, capacity 35954K, committed 36048K, reserved 1081344K
  class space    used 4126K, capacity 4502K, committed 4564K, reserved 1048576K
}
Event: 7.332 GC heap after
{Heap after GC invocations=8 (full 0):
 garbage-first heap   total 524288K, used 18431K [0x0000000080000000, 0x0000000100000000)
  region size 1024K, 9 young (9216K), 9 survivors (9216K)
 Metaspace       used 35019K, capacity 35954K, committed 36048K, reserved 1081344K
  class space    used 4126K, capacity 4502K, committed 4564K, reserved 1048576K
}
Event: 13.598 GC heap before
{Heap before GC invocations=9 (full 0):
 garbage-first heap   total 524288K, used 309247K [0x0000000080000000, 0x0000000100000000)
  region size 1024K, 281 young (287744K), 9 survivors (9216K)
 Metaspace       used 58717K, capacity 60332K, committed 60496K, reserved 1101824K
  class space    used 7479K, capacity 8158K, committed 8276K, reserved 1048576K
}
Event: 13.624 GC heap after
{Heap after GC invocations=10 (full 0):
 garbage-first heap   total 524288K, used 31942K [0x0000000080000000, 0x0000000100000000)
  region size 1024K, 22 young (22528K), 22 survivors (22528K)
 Metaspace       used 58717K, capacity 60332K, committed 60496K, reserved 1101824K
  class space    used 7479K, capacity 8158K, committed 8276K, reserved 1048576K
}

